# JRE version: OpenJDK Runtime Environment (22.0.2+9) (build 22.0.2+9-70)
# Java VM: OpenJDK 64-Bit Server VM (22.0.2+9-70, mixed mode, sharing, tiered, compressed oops, compressed class ptrs, g1 gc, windows-amd64)
GC Precious Log:
 CardTable entry size: 512
 Card Set container configuration: InlinePtr #cards 5 size 8 Array Of Cards #cards 12 size 40 Howl #buckets 4 coarsen threshold 1843 Howl Bitmap #cards 512 size 80 coarsen threshold 460 Card regions per heap region 1 cards per card region 2048
 CPUs: 4 total, 4 available
 Memory: 3877M
 Large Page Support: Disabled
 NUMA Support: Disabled
 Compressed Oops: Enabled (32-bit)
 Heap Region Size: 1M
 Heap Min Capacity: 256M
 Heap Initial Capacity: 256M
 Heap Max Capacity: 512M
 Pre-touch: Disabled
 Parallel Workers: 4
 Concurrent Workers: 1
 Concurrent Refinement Workers: 4
 Periodic GC: Disabled
Heap:
 garbage-first heap   total reserved 524288K, committed 262144K, used 124768K [0x00000000e0000000, 0x0000000100000000)
  region size 1024K, 41 young (41984K), 10 survivors (10240K)
 Metaspace       used 83922K, committed 86976K, reserved 458752K
  class space    used 11220K, committed 12736K, reserved 327680K
GC Heap History (20 events):
Event: 48.021 GC heap before
{Heap before GC invocations=17 (full 0):
 garbage-first heap   total reserved 524288K, committed 262144K, used 95744K [0x00000000e0000000, 0x0000000100000000)
  region size 1024K, 26 young (26624K), 6 survivors (6144K)
 Metaspace       used 76070K, committed 78720K, reserved 458752K
  class space    used 10493K, committed 11776K, reserved 327680K
}
Event: 48.041 GC heap after
{Heap after GC invocations=18 (full 0):
 garbage-first heap   total reserved 524288K, committed 262144K, used 76448K [0x00000000e0000000, 0x0000000100000000)
  region size 1024K, 6 young (6144K), 6 survivors (6144K)
 Metaspace       used 76070K, committed 78720K, reserved 458752K
  class space    used 10493K, committed 11776K, reserved 327680K
}
Event: 70.093 GC heap before
{Heap before GC invocations=19 (full 0):
 garbage-first heap   total reserved 524288K, committed 262144K, used 226976K [0x00000000e0000000, 0x0000000100000000)
  region size 1024K, 153 young (156672K), 6 survivors (6144K)
 Metaspace       used 76791K, committed 79552K, reserved 458752K
  class space    used 10544K, committed 11904K, reserved 327680K
}
Event: 70.196 GC heap after
{Heap after GC invocations=20 (full 0):
 garbage-first heap   total reserved 524288K, committed 262144K, used 74519K [0x00000000e0000000, 0x0000000100000000)
  region size 1024K, 4 young (4096K), 4 survivors (4096K)
 Metaspace       used 76791K, committed 79552K, reserved 458752K
  class space    used 10544K, committed 11904K, reserved 327680K
}
Event: 89.293 GC heap before
{Heap before GC invocations=20 (full 0):
 garbage-first heap   total reserved 524288K, committed 262144K, used 227095K [0x00000000e0000000, 0x0000000100000000)
  region size 1024K, 153 young (156672K), 4 survivors (4096K)
 Metaspace       used 77059K, committed 79808K, reserved 458752K
  class space    used 10556K, committed 11904K, reserved 327680K
}
Event: 89.397 GC heap after
{Heap after GC invocations=21 (full 0):
 garbage-first heap   total reserved 524288K, committed 262144K, used 80677K [0x00000000e0000000, 0x0000000100000000)
  region size 1024K, 14 young (14336K), 14 survivors (14336K)
 Metaspace       used 77059K, committed 79808K, reserved 458752K
  class space    used 10556K, committed 11904K, reserved 327680K
}
Event: 106.357 GC heap before
{Heap before GC invocations=21 (full 0):
 garbage-first heap   total reserved 524288K, committed 262144K, used 223013K [0x00000000e0000000, 0x0000000100000000)
  region size 1024K, 153 young (156672K), 14 survivors (14336K)
 Metaspace       used 79610K, committed 82432K, reserved 458752K
  class space    used 10834K, committed 12224K, reserved 327680K
}
Event: 106.389 GC heap after
{Heap after GC invocations=22 (full 0):
 garbage-first heap   total reserved 524288K, committed 262144K, used 77572K [0x00000000e0000000, 0x0000000100000000)
  region size 1024K, 10 young (10240K), 10 survivors (10240K)
 Metaspace       used 79610K, committed 82432K, reserved 458752K
  class space    used 10834K, committed 12224K, reserved 327680K
}
Event: 108.759 GC heap before
{Heap before GC invocations=22 (full 0):
 garbage-first heap   total reserved 524288K, committed 262144K, used 224004K [0x00000000e0000000, 0x0000000100000000)
  region size 1024K, 153 young (156672K), 10 survivors (10240K)
 Metaspace       used 80268K, committed 83200K, reserved 458752K
  class space    used 10884K, committed 12288K, reserved 327680K
}
Event: 108.805 GC heap after
{Heap after GC invocations=23 (full 0):
 garbage-first heap   total reserved 524288K, committed 262144K, used 84740K [0x00000000e0000000, 0x0000000100000000)
  region size 1024K, 17 young (17408K), 17 survivors (17408K)
 Metaspace       used 80268K, committed 83200K, reserved 458752K
  class space    used 10884K, committed 12288K, reserved 327680K
}
Event: 113.917 GC heap before
{Heap before GC invocations=24 (full 0):
 garbage-first heap   total reserved 524288K, committed 262144K, used 222980K [0x00000000e0000000, 0x0000000100000000)
  region size 1024K, 153 young (156672K), 17 survivors (17408K)
 Metaspace       used 80525K, committed 83456K, reserved 458752K
  class space    used 10888K, committed 12352K, reserved 327680K
}
Event: 113.938 GC heap after
{Heap after GC invocations=25 (full 0):
 garbage-first heap   total reserved 524288K, committed 262144K, used 79987K [0x00000000e0000000, 0x0000000100000000)
  region size 1024K, 11 young (11264K), 11 survivors (11264K)
 Metaspace       used 80525K, committed 83456K, reserved 458752K
  class space    used 10888K, committed 12352K, reserved 327680K
}
Event: 119.397 GC heap before
{Heap before GC invocations=25 (full 0):
 garbage-first heap   total reserved 524288K, committed 262144K, used 225395K [0x00000000e0000000, 0x0000000100000000)
  region size 1024K, 153 young (156672K), 11 survivors (11264K)
 Metaspace       used 81208K, committed 84160K, reserved 458752K
  class space    used 10956K, committed 12416K, reserved 327680K
}
Event: 119.412 GC heap after
{Heap after GC invocations=26 (full 0):
 garbage-first heap   total reserved 524288K, committed 262144K, used 69583K [0x00000000e0000000, 0x0000000100000000)
  region size 1024K, 3 young (3072K), 3 survivors (3072K)
 Metaspace       used 81208K, committed 84160K, reserved 458752K
  class space    used 10956K, committed 12416K, reserved 327680K
}
Event: 145.367 GC heap before
{Heap before GC invocations=26 (full 0):
 garbage-first heap   total reserved 524288K, committed 262144K, used 223183K [0x00000000e0000000, 0x0000000100000000)
  region size 1024K, 153 young (156672K), 3 survivors (3072K)
 Metaspace       used 83632K, committed 86720K, reserved 458752K
  class space    used 11211K, committed 12736K, reserved 327680K
}
Event: 145.981 GC heap after
{Heap after GC invocations=27 (full 0):
 garbage-first heap   total reserved 524288K, committed 262144K, used 83832K [0x00000000e0000000, 0x0000000100000000)
  region size 1024K, 17 young (17408K), 17 survivors (17408K)
 Metaspace       used 83632K, committed 86720K, reserved 458752K
  class space    used 11211K, committed 12736K, reserved 327680K
}
Event: 146.310 GC heap before
{Heap before GC invocations=27 (full 0):
 garbage-first heap   total reserved 524288K, committed 262144K, used 84856K [0x00000000e0000000, 0x0000000100000000)
  region size 1024K, 18 young (18432K), 17 survivors (17408K)
 Metaspace       used 83632K, committed 86720K, reserved 458752K
  class space    used 11211K, committed 12736K, reserved 327680K
}
Event: 146.504 GC heap after
{Heap after GC invocations=28 (full 0):
 garbage-first heap   total reserved 524288K, committed 262144K, used 86016K [0x00000000e0000000, 0x0000000100000000)
  region size 1024K, 2 young (2048K), 2 survivors (2048K)
 Metaspace       used 83632K, committed 86720K, reserved 458752K
  class space    used 11211K, committed 12736K, reserved 327680K
}
Event: 170.852 GC heap before
{Heap before GC invocations=29 (full 0):
 garbage-first heap   total reserved 524288K, committed 262144K, used 186368K [0x00000000e0000000, 0x0000000100000000)
  region size 1024K, 101 young (103424K), 2 survivors (2048K)
 Metaspace       used 83866K, committed 86976K, reserved 458752K
  class space    used 11219K, committed 12736K, reserved 327680K
}
Event: 171.135 GC heap after
{Heap after GC invocations=30 (full 0):
 garbage-first heap   total reserved 524288K, committed 262144K, used 94048K [0x00000000e0000000, 0x0000000100000000)
  region size 1024K, 10 young (10240K), 10 survivors (10240K)
 Metaspace       used 83866K, committed 86976K, reserved 458752K
  class space    used 11219K, committed 12736K, reserved 327680K
}

